<?xml version="1.0" encoding="UTF-8"?>
<testng-results ignored="0" total="1" passed="1" failed="0" skipped="0">
  <reporter-output>
  </reporter-output>
  <suite started-at="2023-05-25T20:49:33 IST" name="Default suite" finished-at="2023-05-25T20:49:43 IST" duration-ms="9485">
    <groups>
    </groups>
    <test started-at="2023-05-25T20:49:33 IST" name="Default test" finished-at="2023-05-25T20:49:43 IST" duration-ms="9485">
      <class name="Testscripts.SampleTest1">
        <test-method is-config="true" signature="openApp()[pri:0, instance:Testscripts.SampleTest1@a2431d0]" started-at="2023-05-25T20:49:33 IST" name="openApp" finished-at="2023-05-25T20:49:40 IST" duration-ms="6888" status="PASS">
          <reporter-output>
          </reporter-output>
        </test-method> <!-- openApp -->
        <test-method signature="test()[pri:0, instance:Testscripts.SampleTest1@a2431d0]" started-at="2023-05-25T20:49:40 IST" name="test" finished-at="2023-05-25T20:49:42 IST" duration-ms="1367" status="PASS">
          <reporter-output>
          </reporter-output>
        </test-method> <!-- test -->
        <test-method is-config="true" signature="closeApp(org.testng.ITestResult)[pri:0, instance:Testscripts.SampleTest1@a2431d0]" started-at="2023-05-25T20:49:42 IST" name="closeApp" finished-at="2023-05-25T20:49:43 IST" duration-ms="1167" status="PASS">
          <params>
            <param index="0">
              <value>
                <![CDATA[[TestResult name=test status=SUCCESS method=SampleTest1.test()[pri:0, instance:Testscripts.SampleTest1@a2431d0] output={null}]]]>
              </value>
            </param>
          </params>
          <reporter-output>
          </reporter-output>
        </test-method> <!-- closeApp -->
      </class> <!-- Testscripts.SampleTest1 -->
    </test> <!-- Default test -->
  </suite> <!-- Default suite -->
</testng-results>
